Image saved successfully: D:\Tare\Project\AI-chatbox\static/images/uploads\20250316_022457_46860dc6.jpg
Skin tone detected: deep
Image metadata extracted: 7 attributes found
Detected 4 clothing items in image
Image saved successfully: D:\Tare\Project\AI-chatbox\static/images/uploads\20250316_022635_2228a67a.jpg
Skin tone detected: deep
Image metadata extracted: 7 attributes found
Detected 4 clothing items in image
Error getting recommendations: 429 Resource has been exhausted (e.g. check quota).
Image saved successfully: D:\Tare\Project\AI-chatbox\static/images/uploads\20250316_022709_9fd61585.jpg
Skin tone detected: medium
Image metadata extracted: 7 attributes found
Detected 1 clothing items in image
Error getting recommendations: 429 Resource has been exhausted (e.g. check quota).
Image saved successfully: D:\Tare\Project\AI-chatbox\static/images/uploads\20250316_022743_02995a21.jpg
Skin tone detected: medium
Image metadata extracted: 3 attributes found
Error getting recommendations: 429 Resource has been exhausted (e.g. check quota).
Image saved successfully: D:\Tare\Project\AI-chatbox\static/images/uploads\20250316_023219_3366341a.jpg
Skin tone detected: medium
Image metadata extracted: 7 attributes found
Detected 1 clothing items in image
Error getting recommendations: 429 Resource has been exhausted (e.g. check quota).
Unexpected error: 413 Request Entity Too Large: The data value transmitted exceeds the capacity limit.
Image saved successfully: D:\Tare\Project\AI-chatbox\static/images/uploads\20250316_024023_5f33d48b.jpg
Skin tone detected: deep
Image metadata extracted: 7 attributes found
Detected 4 clothing items in image
Error getting recommendations: 429 Resource has been exhausted (e.g. check quota).
Image saved successfully: D:\Tare\Project\AI-chatbox\static/images/uploads\20250316_175515_da445dd0.jpg
Skin tone detected: deep
Image metadata extracted: 7 attributes found
Detected 4 clothing items in image
Error getting recommendations: 429 Resource has been exhausted (e.g. check quota).
Image saved successfully: D:\Tare\Project\AI-chatbox\static/images/uploads\20250316_175756_57efd645.jpg
Skin tone detected: deep
Image metadata extracted: 7 attributes found
Detected 4 clothing items in image
Error getting recommendations: 429 Resource has been exhausted (e.g. check quota).
Image saved successfully: D:\Tare\Project\AI-chatbox\static/images/uploads\20250316_180034_84393e6d.jpg
Skin tone detected: deep
Image metadata extracted: 7 attributes found
Detected 4 clothing items in image
Error getting recommendations: 429 Resource has been exhausted (e.g. check quota).
Image saved successfully: D:\Tare\Project\AI-chatbox\static/images/uploads\20250316_180258_59ca09ba.jpg
Skin tone detected: deep
Image metadata extracted: 7 attributes found
Detected 4 clothing items in image
